# JRE version: OpenJDK Runtime Environment (21.0.5) (build 21.0.5+-12932927-b750.29)
# Java VM: OpenJDK 64-Bit Server VM (21.0.5+-12932927-b750.29, mixed mode, tiered, compressed oops, compressed class ptrs, g1 gc, windows-amd64)
GC Precious Log:
 CardTable entry size: 512
 Card Set container configuration: InlinePtr #cards 5 size 8 Array Of Cards #cards 12 size 40 Howl #buckets 4 coarsen threshold 1843 Howl Bitmap #cards 512 size 80 coarsen threshold 460 Card regions per heap region 1 cards per card region 2048
 CPUs: 8 total, 8 available
 Memory: 16151M
 Large Page Support: Disabled
 NUMA Support: Disabled
 Compressed Oops: Enabled (32-bit)
 Heap Region Size: 1M
 Heap Min Capacity: 8M
 Heap Initial Capacity: 254M
 Heap Max Capacity: 2G
 Pre-touch: Disabled
 Parallel Workers: 8
 Concurrent Workers: 2
 Concurrent Refinement Workers: 8
 Periodic GC: Disabled
Heap:
 garbage-first heap   total 306176K, used 210053K [0x0000000080000000, 0x0000000100000000)
  region size 1024K, 17 young (17408K), 7 survivors (7168K)
 Metaspace       used 167695K, committed 170304K, reserved 1245184K
  class space    used 21399K, committed 22720K, reserved 1048576K
GC Heap History (20 events):
Event: 17.142 GC heap before
{Heap before GC invocations=39 (full 0):
 garbage-first heap   total 234496K, used 213156K [0x0000000080000000, 0x0000000100000000)
  region size 1024K, 70 young (71680K), 8 survivors (8192K)
 Metaspace       used 141902K, committed 144320K, reserved 1179648K
  class space    used 18195K, committed 19392K, reserved 1048576K
}
Event: 17.153 GC heap after
{Heap after GC invocations=40 (full 0):
 garbage-first heap   total 234496K, used 152435K [0x0000000080000000, 0x0000000100000000)
  region size 1024K, 4 young (4096K), 4 survivors (4096K)
 Metaspace       used 141902K, committed 144320K, reserved 1179648K
  class space    used 18195K, committed 19392K, reserved 1048576K
}
Event: 18.870 GC heap before
{Heap before GC invocations=41 (full 0):
 garbage-first heap   total 258048K, used 220019K [0x0000000080000000, 0x0000000100000000)
  region size 1024K, 65 young (66560K), 4 survivors (4096K)
 Metaspace       used 145893K, committed 148352K, reserved 1179648K
  class space    used 18715K, committed 19968K, reserved 1048576K
}
Event: 18.886 GC heap after
{Heap after GC invocations=42 (full 0):
 garbage-first heap   total 258048K, used 158455K [0x0000000080000000, 0x0000000100000000)
  region size 1024K, 8 young (8192K), 8 survivors (8192K)
 Metaspace       used 145893K, committed 148352K, reserved 1179648K
  class space    used 18715K, committed 19968K, reserved 1048576K
}
Event: 20.346 GC heap before
{Heap before GC invocations=42 (full 0):
 garbage-first heap   total 258048K, used 236279K [0x0000000080000000, 0x0000000100000000)
  region size 1024K, 83 young (84992K), 8 survivors (8192K)
 Metaspace       used 147085K, committed 149504K, reserved 1179648K
  class space    used 18852K, committed 20096K, reserved 1048576K
}
Event: 20.374 GC heap after
{Heap after GC invocations=43 (full 0):
 garbage-first heap   total 258048K, used 166176K [0x0000000080000000, 0x0000000100000000)
  region size 1024K, 11 young (11264K), 11 survivors (11264K)
 Metaspace       used 147085K, committed 149504K, reserved 1179648K
  class space    used 18852K, committed 20096K, reserved 1048576K
}
Event: 22.495 GC heap before
{Heap before GC invocations=43 (full 0):
 garbage-first heap   total 258048K, used 231712K [0x0000000080000000, 0x0000000100000000)
  region size 1024K, 75 young (76800K), 11 survivors (11264K)
 Metaspace       used 148739K, committed 151232K, reserved 1245184K
  class space    used 18951K, committed 20224K, reserved 1048576K
}
Event: 22.519 GC heap after
{Heap after GC invocations=44 (full 0):
 garbage-first heap   total 258048K, used 175839K [0x0000000080000000, 0x0000000100000000)
  region size 1024K, 9 young (9216K), 9 survivors (9216K)
 Metaspace       used 148739K, committed 151232K, reserved 1245184K
  class space    used 18951K, committed 20224K, reserved 1048576K
}
Event: 24.121 GC heap before
{Heap before GC invocations=45 (full 0):
 garbage-first heap   total 293888K, used 233183K [0x0000000080000000, 0x0000000100000000)
  region size 1024K, 65 young (66560K), 9 survivors (9216K)
 Metaspace       used 153479K, committed 155968K, reserved 1245184K
  class space    used 19423K, committed 20672K, reserved 1048576K
}
Event: 24.137 GC heap after
{Heap after GC invocations=46 (full 0):
 garbage-first heap   total 293888K, used 179310K [0x0000000080000000, 0x0000000100000000)
  region size 1024K, 4 young (4096K), 4 survivors (4096K)
 Metaspace       used 153479K, committed 155968K, reserved 1245184K
  class space    used 19423K, committed 20672K, reserved 1048576K
}
Event: 25.590 GC heap before
{Heap before GC invocations=46 (full 0):
 garbage-first heap   total 293888K, used 268398K [0x0000000080000000, 0x0000000100000000)
  region size 1024K, 90 young (92160K), 4 survivors (4096K)
 Metaspace       used 160237K, committed 162880K, reserved 1245184K
  class space    used 20509K, committed 21824K, reserved 1048576K
}
Event: 25.602 GC heap after
{Heap after GC invocations=47 (full 0):
 garbage-first heap   total 293888K, used 179080K [0x0000000080000000, 0x0000000100000000)
  region size 1024K, 7 young (7168K), 7 survivors (7168K)
 Metaspace       used 160237K, committed 162880K, reserved 1245184K
  class space    used 20509K, committed 21824K, reserved 1048576K
}
Event: 25.930 GC heap before
{Heap before GC invocations=47 (full 0):
 garbage-first heap   total 293888K, used 197512K [0x0000000080000000, 0x0000000100000000)
  region size 1024K, 27 young (27648K), 7 survivors (7168K)
 Metaspace       used 161460K, committed 164096K, reserved 1245184K
  class space    used 20610K, committed 21952K, reserved 1048576K
}
Event: 25.948 GC heap after
{Heap after GC invocations=48 (full 0):
 garbage-first heap   total 293888K, used 175686K [0x0000000080000000, 0x0000000100000000)
  region size 1024K, 11 young (11264K), 11 survivors (11264K)
 Metaspace       used 161460K, committed 164096K, reserved 1245184K
  class space    used 20610K, committed 21952K, reserved 1048576K
}
Event: 28.277 GC heap before
{Heap before GC invocations=49 (full 0):
 garbage-first heap   total 306176K, used 284230K [0x0000000080000000, 0x0000000100000000)
  region size 1024K, 99 young (101376K), 11 survivors (11264K)
 Metaspace       used 167695K, committed 170304K, reserved 1245184K
  class space    used 21399K, committed 22720K, reserved 1048576K
}
Event: 28.299 GC heap after
{Heap after GC invocations=50 (full 0):
 garbage-first heap   total 306176K, used 198722K [0x0000000080000000, 0x0000000100000000)
  region size 1024K, 13 young (13312K), 13 survivors (13312K)
 Metaspace       used 167695K, committed 170304K, reserved 1245184K
  class space    used 21399K, committed 22720K, reserved 1048576K
}
Event: 29.469 GC heap before
{Heap before GC invocations=50 (full 0):
 garbage-first heap   total 306176K, used 275522K [0x0000000080000000, 0x0000000100000000)
  region size 1024K, 88 young (90112K), 13 survivors (13312K)
 Metaspace       used 167695K, committed 170304K, reserved 1245184K
  class space    used 21399K, committed 22720K, reserved 1048576K
}
Event: 29.506 GC heap after
{Heap after GC invocations=51 (full 0):
 garbage-first heap   total 306176K, used 198653K [0x0000000080000000, 0x0000000100000000)
  region size 1024K, 5 young (5120K), 5 survivors (5120K)
 Metaspace       used 167695K, committed 170304K, reserved 1245184K
  class space    used 21399K, committed 22720K, reserved 1048576K
}
Event: 30.454 GC heap before
{Heap before GC invocations=51 (full 0):
 garbage-first heap   total 306176K, used 281597K [0x0000000080000000, 0x0000000100000000)
  region size 1024K, 86 young (88064K), 5 survivors (5120K)
 Metaspace       used 167695K, committed 170304K, reserved 1245184K
  class space    used 21399K, committed 22720K, reserved 1048576K
}
Event: 30.463 GC heap after
{Heap after GC invocations=52 (full 0):
 garbage-first heap   total 306176K, used 200837K [0x0000000080000000, 0x0000000100000000)
  region size 1024K, 7 young (7168K), 7 survivors (7168K)
 Metaspace       used 167695K, committed 170304K, reserved 1245184K
  class space    used 21399K, committed 22720K, reserved 1048576K
}

